[1 - Suricata-Main] 2025-12-01 13:53:20 Notice: suricata: This is Suricata version 8.0.2 RELEASE running in SYSTEM mode
[1 - Suricata-Main] 2025-12-01 13:53:20 Info: cpu: CPUs/cores online: 12
[1 - Suricata-Main] 2025-12-01 13:53:20 Info: suricata: Setting engine mode to IDS mode by default
[1 - Suricata-Main] 2025-12-01 13:53:20 Warning: ioctl: Failure when trying to get MTU via ioctl for 'any': No such device (19)
[1 - Suricata-Main] 2025-12-01 13:53:20 Info: suricata: No 'host-mode': suricata is in IDS mode, using default setting 'sniffer-only'
[1 - Suricata-Main] 2025-12-01 13:53:20 Info: privs: dropped the caps for main thread
[1 - Suricata-Main] 2025-12-01 13:53:20 Info: logopenfile: eve-log output device (regular) initialized: eve.json
[1 - Suricata-Main] 2025-12-01 13:53:20 Warning: counters: stats are enabled but no loggers are active
[1 - Suricata-Main] 2025-12-01 13:53:20 Info: detect: No signatures supplied.
[1 - Suricata-Main] 2025-12-01 13:53:20 Info: runmodes: Using 1 live device(s).
[20 - RX#01-any] 2025-12-01 13:53:20 Warning: ioctl: any: failed to get SIOCETHTOOL ioctl: No such device
[20 - RX#01-any] 2025-12-01 13:53:20 Warning: ioctl: any: failed to get SIOCETHTOOL ioctl: No such device
[20 - RX#01-any] 2025-12-01 13:53:20 Warning: ioctl: any: failed to get SIOCETHTOOL ioctl: No such device
[20 - RX#01-any] 2025-12-01 13:53:20 Warning: ioctl: any: failed to get SIOCETHTOOL ioctl: No such device
[20 - RX#01-any] 2025-12-01 13:53:20 Warning: ioctl: any: failed to get SIOCETHTOOL ioctl: No such device
[20 - RX#01-any] 2025-12-01 13:53:20 Warning: ioctl: any: failed to get SIOCETHTOOL ioctl: No such device
[20 - RX#01-any] 2025-12-01 13:53:20 Warning: ioctl: any: failed to get SIOCETHTOOL ioctl: No such device
[20 - RX#01-any] 2025-12-01 13:53:20 Info: pcap: any: running in 'auto' checksum mode. Detection of interface state will require 1000 packets
[20 - RX#01-any] 2025-12-01 13:53:20 Warning: ioctl: Failure when trying to get MTU via ioctl for 'any': No such device (19)
[20 - RX#01-any] 2025-12-01 13:53:20 Warning: ioctl: any: failed to get SIOCETHTOOL ioctl: No such device
[20 - RX#01-any] 2025-12-01 13:53:20 Warning: ioctl: any: failed to get SIOCETHTOOL ioctl: No such device
[20 - RX#01-any] 2025-12-01 13:53:20 Warning: ioctl: any: failed to get SIOCETHTOOL ioctl: No such device
[20 - RX#01-any] 2025-12-01 13:53:20 Warning: ioctl: any: failed to get SIOCETHTOOL ioctl: No such device
[20 - RX#01-any] 2025-12-01 13:53:20 Warning: ioctl: any: failed to get SIOCETHTOOL ioctl: No such device
[20 - RX#01-any] 2025-12-01 13:53:20 Warning: ioctl: any: failed to get SIOCETHTOOL ioctl: No such device
[20 - RX#01-any] 2025-12-01 13:53:20 Warning: ioctl: any: failed to get SIOCETHTOOL ioctl: No such device
[20 - RX#01-any] 2025-12-01 13:53:20 Warning: ioctl: any: failed to get SIOCETHTOOL ioctl: No such device
[20 - RX#01-any] 2025-12-01 13:53:20 Warning: ioctl: any: failed to get SIOCETHTOOL ioctl: No such device
[20 - RX#01-any] 2025-12-01 13:53:20 Warning: ioctl: any: failed to get SIOCETHTOOL ioctl: No such device
[20 - RX#01-any] 2025-12-01 13:53:20 Warning: ioctl: any: failed to get SIOCETHTOOL ioctl: No such device
[20 - RX#01-any] 2025-12-01 13:53:20 Warning: ioctl: any: failed to get SIOCETHTOOL ioctl: No such device
[20 - RX#01-any] 2025-12-01 13:53:20 Warning: ioctl: any: failed to get SIOCETHTOOL ioctl: No such device
[20 - RX#01-any] 2025-12-01 13:53:20 Warning: ioctl: any: failed to get SIOCETHTOOL ioctl: No such device
[1 - Suricata-Main] 2025-12-01 13:53:20 Notice: threads: Threads created -> RX: 1 W: 12 FM: 1 FR: 1   Engine started.
[1 - Suricata-Main] 2025-12-01 14:03:34 Notice: suricata: Signal Received.  Stopping engine.
[1 - Suricata-Main] 2025-12-01 14:03:34 Info: suricata: time elapsed 613.976s
[20 - RX#01-any] 2025-12-01 14:03:35 Info: pcap: any: packets 0, bytes 0
[20 - RX#01-any] 2025-12-01 14:03:35 Info: pcap: any: pcap total:2 recv:2 drop:0 (0.0%)
[1 - Suricata-Main] 2025-12-01 14:07:20 Notice: suricata: This is Suricata version 8.0.2 RELEASE running in SYSTEM mode
[1 - Suricata-Main] 2025-12-01 14:07:20 Info: cpu: CPUs/cores online: 12
[1 - Suricata-Main] 2025-12-01 14:07:20 Info: suricata: Setting engine mode to IDS mode by default
[1 - Suricata-Main] 2025-12-01 14:08:00 Warning: ioctl: Failure when trying to get MTU via ioctl for 'any': No such device (19)
[1 - Suricata-Main] 2025-12-01 14:08:00 Info: suricata: No 'host-mode': suricata is in IDS mode, using default setting 'sniffer-only'
[1 - Suricata-Main] 2025-12-01 14:08:00 Info: privs: dropped the caps for main thread
[1 - Suricata-Main] 2025-12-01 14:08:00 Info: logopenfile: eve-log output device (regular) initialized: eve.json
[1 - Suricata-Main] 2025-12-01 14:08:00 Warning: counters: stats are enabled but no loggers are active
[1 - Suricata-Main] 2025-12-01 14:08:00 Info: detect: No signatures supplied.
[1 - Suricata-Main] 2025-12-01 14:08:00 Info: runmodes: Using 1 live device(s).
[20 - RX#01-any] 2025-12-01 14:08:00 Warning: ioctl: any: failed to get SIOCETHTOOL ioctl: No such device
[20 - RX#01-any] 2025-12-01 14:08:00 Warning: ioctl: any: failed to get SIOCETHTOOL ioctl: No such device
[20 - RX#01-any] 2025-12-01 14:08:00 Warning: ioctl: any: failed to get SIOCETHTOOL ioctl: No such device
[20 - RX#01-any] 2025-12-01 14:08:00 Warning: ioctl: any: failed to get SIOCETHTOOL ioctl: No such device
[20 - RX#01-any] 2025-12-01 14:08:00 Warning: ioctl: any: failed to get SIOCETHTOOL ioctl: No such device
[20 - RX#01-any] 2025-12-01 14:08:00 Warning: ioctl: any: failed to get SIOCETHTOOL ioctl: No such device
[20 - RX#01-any] 2025-12-01 14:08:00 Warning: ioctl: any: failed to get SIOCETHTOOL ioctl: No such device
[20 - RX#01-any] 2025-12-01 14:08:00 Info: pcap: any: running in 'auto' checksum mode. Detection of interface state will require 1000 packets
[20 - RX#01-any] 2025-12-01 14:08:00 Warning: ioctl: Failure when trying to get MTU via ioctl for 'any': No such device (19)
[20 - RX#01-any] 2025-12-01 14:08:00 Warning: ioctl: any: failed to get SIOCETHTOOL ioctl: No such device
[20 - RX#01-any] 2025-12-01 14:08:00 Warning: ioctl: any: failed to get SIOCETHTOOL ioctl: No such device
[20 - RX#01-any] 2025-12-01 14:08:00 Warning: ioctl: any: failed to get SIOCETHTOOL ioctl: No such device
[20 - RX#01-any] 2025-12-01 14:08:00 Warning: ioctl: any: failed to get SIOCETHTOOL ioctl: No such device
[20 - RX#01-any] 2025-12-01 14:08:00 Warning: ioctl: any: failed to get SIOCETHTOOL ioctl: No such device
[20 - RX#01-any] 2025-12-01 14:08:00 Warning: ioctl: any: failed to get SIOCETHTOOL ioctl: No such device
[20 - RX#01-any] 2025-12-01 14:08:00 Warning: ioctl: any: failed to get SIOCETHTOOL ioctl: No such device
[20 - RX#01-any] 2025-12-01 14:08:00 Warning: ioctl: any: failed to get SIOCETHTOOL ioctl: No such device
[20 - RX#01-any] 2025-12-01 14:08:00 Warning: ioctl: any: failed to get SIOCETHTOOL ioctl: No such device
[20 - RX#01-any] 2025-12-01 14:08:00 Warning: ioctl: any: failed to get SIOCETHTOOL ioctl: No such device
[20 - RX#01-any] 2025-12-01 14:08:00 Warning: ioctl: any: failed to get SIOCETHTOOL ioctl: No such device
[20 - RX#01-any] 2025-12-01 14:08:00 Warning: ioctl: any: failed to get SIOCETHTOOL ioctl: No such device
[20 - RX#01-any] 2025-12-01 14:08:00 Warning: ioctl: any: failed to get SIOCETHTOOL ioctl: No such device
[20 - RX#01-any] 2025-12-01 14:08:00 Warning: ioctl: any: failed to get SIOCETHTOOL ioctl: No such device
[1 - Suricata-Main] 2025-12-01 14:08:00 Notice: threads: Threads created -> RX: 1 W: 12 FM: 1 FR: 1   Engine started.
[20 - RX#01-any] 2025-12-01 14:08:30 Info: checksum: More than 1/10th of packets have an invalid checksum, assuming checksum offloading is used (462/1000)
